#
# There is insufficient memory for the Java Runtime Environment to continue.
# Native memory allocation (malloc) failed to allocate 1111536 bytes for Chunk::new
# Possible reasons:
#   The system is out of physical RAM or swap space
#   In 32 bit mode, the process size limit was hit
# Possible solutions:
#   Reduce memory load on the system
#   Increase physical memory or swap space
#   Check if swap backing store is full
#   Use 64 bit Java on a 64 bit OS
#   Decrease Java heap size (-Xmx/-Xms)
#   Decrease number of Java threads
#   Decrease Java thread stack sizes (-Xss)
#   Set larger code cache with -XX:ReservedCodeCacheSize=
# This output file may be truncated or incomplete.
#
#  Out of Memory Error (allocation.cpp:390), pid=16056, tid=0x0000000000003554
#
# JRE version: OpenJDK Runtime Environment (8.0_112-b06) (build 1.8.0_112-release-b06)
# Java VM: OpenJDK 64-Bit Server VM (25.112-b06 mixed mode windows-amd64 compressed oops)
# Failed to write core dump. Minidumps are not enabled by default on client versions of Windows
#

---------------  T H R E A D  ---------------

Current thread (0x00000000167a9800):  JavaThread "C2 CompilerThread0" daemon [_thread_in_native, id=13652, stack(0x00000000180b0000,0x00000000181b0000)]

Stack: [0x00000000180b0000,0x00000000181b0000]
[error occurred during error reporting (printing stack bounds), id 0xc0000005]

Native frames: (J=compiled Java code, j=interpreted, Vv=VM code, C=native code)


Current CompileTask:
C2:  23020 3990       4       com.sun.beans.TypeResolver::resolve (37 bytes)


---------------  P R O C E S S  ---------------

Java Threads: ( => current thread )
  0x000000001cc71000 JavaThread "pool-2-thread-1" [_thread_blocked, id=15580, stack(0x000000001f7b0000,0x000000001f8b0000)]
  0x000000001cc70000 JavaThread "File lock request listener" [_thread_in_native, id=14512, stack(0x000000001d2f0000,0x000000001d3f0000)]
  0x00000000197a9800 JavaThread "Stdin handler" [_thread_blocked, id=12280, stack(0x000000001aa50000,0x000000001ab50000)]
  0x00000000197a6000 JavaThread "Asynchronous log dispatcher for DefaultDaemonConnection: socket connection from /127.0.0.1:59616 to /127.0.0.1:59619" [_thread_blocked, id=14592, stack(0x000000001a950000,0x000000001aa50000)]
  0x000000001889a800 JavaThread "Daemon worker" [_thread_in_native, id=8644, stack(0x000000001a850000,0x000000001a950000)]
  0x0000000018a1f800 JavaThread "Cancel handler" [_thread_blocked, id=16124, stack(0x000000001a750000,0x000000001a850000)]
  0x00000000188b1000 JavaThread "pool-1-thread-1" [_thread_blocked, id=3020, stack(0x000000001a650000,0x000000001a750000)]
  0x00000000189fd000 JavaThread "Handler for socket connection from /127.0.0.1:59616 to /127.0.0.1:59619" [_thread_in_native, id=13648, stack(0x000000001a550000,0x000000001a650000)]
  0x0000000017cd3800 JavaThread "Daemon" [_thread_blocked, id=208, stack(0x000000001a450000,0x000000001a550000)]
  0x0000000017c16000 JavaThread "Incoming local TCP Connector on port 59616" [_thread_in_native, id=15152, stack(0x000000001a080000,0x000000001a180000)]
  0x0000000017b11000 JavaThread "Service Thread" daemon [_thread_blocked, id=15740, stack(0x00000000183b0000,0x00000000184b0000)]
  0x0000000017b0b800 JavaThread "C1 CompilerThread2" daemon [_thread_blocked, id=9600, stack(0x00000000182b0000,0x00000000183b0000)]
  0x0000000017b08000 JavaThread "C2 CompilerThread1" daemon [_thread_in_native, id=7444, stack(0x00000000181b0000,0x00000000182b0000)]
=>0x00000000167a9800 JavaThread "C2 CompilerThread0" daemon [_thread_in_native, id=13652, stack(0x00000000180b0000,0x00000000181b0000)]
  0x0000000017ab8800 JavaThread "Attach Listener" daemon [_thread_blocked, id=2564, stack(0x0000000017fb0000,0x00000000180b0000)]
  0x0000000002dde800 JavaThread "Signal Dispatcher" daemon [_thread_blocked, id=6968, stack(0x0000000017eb0000,0x0000000017fb0000)]
  0x0000000002dd6000 JavaThread "Finalizer" daemon [_thread_blocked, id=2956, stack(0x00000000179b0000,0x0000000017ab0000)]
  0x0000000002dd1000 JavaThread "Reference Handler" daemon [_thread_blocked, id=4752, stack(0x00000000178b0000,0x00000000179b0000)]
  0x000000000287d800 JavaThread "main" [_thread_blocked, id=15716, stack(0x0000000002880000,0x0000000002980000)]

Other Threads:
  0x0000000016715000 VMThread [stack: 0x00000000177b0000,0x00000000178b0000] [id=12216]
  0x0000000017b12800 WatcherThread [stack: 0x00000000184b0000,0x00000000185b0000] [id=15860]

VM state:not at safepoint (normal execution)

VM Mutex/Monitor currently owned by a thread: None

Heap:
 PSYoungGen      total 116224K, used 56620K [0x00000000e0000000, 0x00000000ec100000, 0x0000000100000000)
  eden space 105472K, 53% used [0x00000000e0000000,0x00000000e374b050,0x00000000e6700000)
  from space 10752K, 0% used [0x00000000e6700000,0x00000000e6700000,0x00000000e7180000)
  to   space 12288K, 0% used [0x00000000eb500000,0x00000000eb500000,0x00000000ec100000)
 ParOldGen       total 86016K, used 17764K [0x00000000a0000000, 0x00000000a5400000, 0x00000000e0000000)
  object space 86016K, 20% used [0x00000000a0000000,0x00000000a1159140,0x00000000a5400000)
 Metaspace       used 37669K, capacity 38430K, committed 38784K, reserved 1083392K
  class space    used 5013K, capacity 5236K, committed 5248K, reserved 1048576K

Card table byte_map: [0x00000000121a0000,0x00000000124b0000] byte_map_base: 0x0000000011ca0000

Marking Bits: (ParMarkBitMap*) 0x000000005d9918f0
 Begin Bits: [0x0000000012ab0000, 0x00000000142b0000)
 End Bits:   [0x00000000142b0000, 0x0000000015ab0000)

Polling page: 0x0000000000f30000

CodeCache: size=245760Kb used=14720Kb max_used=14720Kb free=231039Kb
 bounds [0x0000000002de0000, 0x0000000003c50000, 0x0000000011de0000]
 total_blobs=4494 nmethods=3784 adapters=623
 compilation: enabled

Compilation events (10 events):
Event: 22.876 Thread 0x0000000017b0b800 4031   !   3       java.beans.PropertyDescriptor::updateGenericsFor (37 bytes)
Event: 22.877 Thread 0x0000000017b0b800 nmethod 4031 0x0000000003c47f10 code [0x0000000003c48180, 0x0000000003c492f8]
Event: 22.883 Thread 0x0000000017b0b800 4032       3       org.codehaus.groovy.reflection.CachedClass::getHierarchy (11 bytes)
Event: 22.883 Thread 0x0000000017b0b800 nmethod 4032 0x0000000003c49b90 code [0x0000000003c49d00, 0x0000000003c4a008]
Event: 22.891 Thread 0x0000000017b0b800 4033       3       org.gradle.internal.logging.events.CategorisedOutputEvent::<init> (21 bytes)
Event: 22.891 Thread 0x0000000017b0b800 nmethod 4033 0x0000000003c4a0d0 code [0x0000000003c4a240, 0x0000000003c4a470]
Event: 22.893 Thread 0x0000000017b0b800 4034       3       org.gradle.api.internal.DefaultDomainObjectCollection$IteratorImpl::hasNext (10 bytes)
Event: 22.894 Thread 0x0000000017b0b800 nmethod 4034 0x0000000003c4a590 code [0x0000000003c4a700, 0x0000000003c4a928]
Event: 22.894 Thread 0x0000000017b0b800 4035       3       java.lang.invoke.MethodType::erase (8 bytes)
Event: 22.894 Thread 0x0000000017b0b800 nmethod 4035 0x0000000003c4a9d0 code [0x0000000003c4ab20, 0x0000000003c4ad10]

GC Heap History (10 events):
Event: 13.911 GC heap before
{Heap before GC invocations=5 (full 1):
 PSYoungGen      total 71680K, used 5097K [0x00000000e0000000, 0x00000000e4b00000, 0x0000000100000000)
  eden space 66560K, 0% used [0x00000000e0000000,0x00000000e0000000,0x00000000e4100000)
  from space 5120K, 99% used [0x00000000e4600000,0x00000000e4afa630,0x00000000e4b00000)
  to   space 5120K, 0% used [0x00000000e4100000,0x00000000e4100000,0x00000000e4600000)
 ParOldGen       total 87552K, used 8596K [0x00000000a0000000, 0x00000000a5580000, 0x00000000e0000000)
  object space 87552K, 9% used [0x00000000a0000000,0x00000000a08652b0,0x00000000a5580000)
 Metaspace       used 20815K, capacity 21096K, committed 21296K, reserved 1067008K
  class space    used 2759K, capacity 2869K, committed 2944K, reserved 1048576K
Event: 14.045 GC heap after
Heap after GC invocations=5 (full 1):
 PSYoungGen      total 71680K, used 0K [0x00000000e0000000, 0x00000000e4b00000, 0x0000000100000000)
  eden space 66560K, 0% used [0x00000000e0000000,0x00000000e0000000,0x00000000e4100000)
  from space 5120K, 0% used [0x00000000e4600000,0x00000000e4600000,0x00000000e4b00000)
  to   space 5120K, 0% used [0x00000000e4100000,0x00000000e4100000,0x00000000e4600000)
 ParOldGen       total 58880K, used 9347K [0x00000000a0000000, 0x00000000a3980000, 0x00000000e0000000)
  object space 58880K, 15% used [0x00000000a0000000,0x00000000a0920e00,0x00000000a3980000)
 Metaspace       used 20815K, capacity 21096K, committed 21296K, reserved 1067008K
  class space    used 2759K, capacity 2869K, committed 2944K, reserved 1048576K
}
Event: 16.667 GC heap before
{Heap before GC invocations=6 (full 1):
 PSYoungGen      total 71680K, used 66560K [0x00000000e0000000, 0x00000000e4b00000, 0x0000000100000000)
  eden space 66560K, 100% used [0x00000000e0000000,0x00000000e4100000,0x00000000e4100000)
  from space 5120K, 0% used [0x00000000e4600000,0x00000000e4600000,0x00000000e4b00000)
  to   space 5120K, 0% used [0x00000000e4100000,0x00000000e4100000,0x00000000e4600000)
 ParOldGen       total 58880K, used 9347K [0x00000000a0000000, 0x00000000a3980000, 0x00000000e0000000)
  object space 58880K, 15% used [0x00000000a0000000,0x00000000a0920e00,0x00000000a3980000)
 Metaspace       used 26136K, capacity 26492K, committed 26752K, reserved 1073152K
  class space    used 3585K, capacity 3697K, committed 3712K, reserved 1048576K
Event: 16.682 GC heap after
Heap after GC invocations=6 (full 1):
 PSYoungGen      total 71680K, used 5108K [0x00000000e0000000, 0x00000000e7f80000, 0x0000000100000000)
  eden space 66560K, 0% used [0x00000000e0000000,0x00000000e0000000,0x00000000e4100000)
  from space 5120K, 99% used [0x00000000e4100000,0x00000000e45fd378,0x00000000e4600000)
  to   space 10752K, 0% used [0x00000000e7500000,0x00000000e7500000,0x00000000e7f80000)
 ParOldGen       total 58880K, used 12256K [0x00000000a0000000, 0x00000000a3980000, 0x00000000e0000000)
  object space 58880K, 20% used [0x00000000a0000000,0x00000000a0bf8148,0x00000000a3980000)
 Metaspace       used 26136K, capacity 26492K, committed 26752K, reserved 1073152K
  class space    used 3585K, capacity 3697K, committed 3712K, reserved 1048576K
}
Event: 21.013 GC heap before
{Heap before GC invocations=7 (full 1):
 PSYoungGen      total 71680K, used 71668K [0x00000000e0000000, 0x00000000e7f80000, 0x0000000100000000)
  eden space 66560K, 100% used [0x00000000e0000000,0x00000000e4100000,0x00000000e4100000)
  from space 5120K, 99% used [0x00000000e4100000,0x00000000e45fd378,0x00000000e4600000)
  to   space 10752K, 0% used [0x00000000e7500000,0x00000000e7500000,0x00000000e7f80000)
 ParOldGen       total 58880K, used 12256K [0x00000000a0000000, 0x00000000a3980000, 0x00000000e0000000)
  object space 58880K, 20% used [0x00000000a0000000,0x00000000a0bf8148,0x00000000a3980000)
 Metaspace       used 29566K, capacity 29938K, committed 30336K, reserved 1075200K
  class space    used 3999K, capacity 4119K, committed 4224K, reserved 1048576K
Event: 21.023 GC heap after
Heap after GC invocations=7 (full 1):
 PSYoungGen      total 112640K, used 6623K [0x00000000e0000000, 0x00000000e7c00000, 0x0000000100000000)
  eden space 105472K, 0% used [0x00000000e0000000,0x00000000e0000000,0x00000000e6700000)
  from space 7168K, 92% used [0x00000000e7500000,0x00000000e7b77ea8,0x00000000e7c00000)
  to   space 10752K, 0% used [0x00000000e6700000,0x00000000e6700000,0x00000000e7180000)
 ParOldGen       total 58880K, used 12328K [0x00000000a0000000, 0x00000000a3980000, 0x00000000e0000000)
  object space 58880K, 20% used [0x00000000a0000000,0x00000000a0c0a158,0x00000000a3980000)
 Metaspace       used 29566K, capacity 29938K, committed 30336K, reserved 1075200K
  class space    used 3999K, capacity 4119K, committed 4224K, reserved 1048576K
}
Event: 21.776 GC heap before
{Heap before GC invocations=8 (full 1):
 PSYoungGen      total 112640K, used 75359K [0x00000000e0000000, 0x00000000e7c00000, 0x0000000100000000)
  eden space 105472K, 65% used [0x00000000e0000000,0x00000000e431fe18,0x00000000e6700000)
  from space 7168K, 92% used [0x00000000e7500000,0x00000000e7b77ea8,0x00000000e7c00000)
  to   space 10752K, 0% used [0x00000000e6700000,0x00000000e6700000,0x00000000e7180000)
 ParOldGen       total 58880K, used 12328K [0x00000000a0000000, 0x00000000a3980000, 0x00000000e0000000)
  object space 58880K, 20% used [0x00000000a0000000,0x00000000a0c0a158,0x00000000a3980000)
 Metaspace       used 34728K, capacity 35346K, committed 35496K, reserved 1079296K
  class space    used 4628K, capacity 4819K, committed 4864K, reserved 1048576K
Event: 21.798 GC heap after
Heap after GC invocations=8 (full 1):
 PSYoungGen      total 116224K, used 10722K [0x00000000e0000000, 0x00000000ec100000, 0x0000000100000000)
  eden space 105472K, 0% used [0x00000000e0000000,0x00000000e0000000,0x00000000e6700000)
  from space 10752K, 99% used [0x00000000e6700000,0x00000000e7178940,0x00000000e7180000)
  to   space 12288K, 0% used [0x00000000eb500000,0x00000000eb500000,0x00000000ec100000)
 ParOldGen       total 58880K, used 12903K [0x00000000a0000000, 0x00000000a3980000, 0x00000000e0000000)
  object space 58880K, 21% used [0x00000000a0000000,0x00000000a0c99f30,0x00000000a3980000)
 Metaspace       used 34728K, capacity 35346K, committed 35496K, reserved 1079296K
  class space    used 4628K, capacity 4819K, committed 4864K, reserved 1048576K
}
Event: 21.798 GC heap before
{Heap before GC invocations=9 (full 2):
 PSYoungGen      total 116224K, used 10722K [0x00000000e0000000, 0x00000000ec100000, 0x0000000100000000)
  eden space 105472K, 0% used [0x00000000e0000000,0x00000000e0000000,0x00000000e6700000)
  from space 10752K, 99% used [0x00000000e6700000,0x00000000e7178940,0x00000000e7180000)
  to   space 12288K, 0% used [0x00000000eb500000,0x00000000eb500000,0x00000000ec100000)
 ParOldGen       total 58880K, used 12903K [0x00000000a0000000, 0x00000000a3980000, 0x00000000e0000000)
  object space 58880K, 21% used [0x00000000a0000000,0x00000000a0c99f30,0x00000000a3980000)
 Metaspace       used 34728K, capacity 35346K, committed 35496K, reserved 1079296K
  class space    used 4628K, capacity 4819K, committed 4864K, reserved 1048576K
Event: 21.924 GC heap after
Heap after GC invocations=9 (full 2):
 PSYoungGen      total 116224K, used 0K [0x00000000e0000000, 0x00000000ec100000, 0x0000000100000000)
  eden space 105472K, 0% used [0x00000000e0000000,0x00000000e0000000,0x00000000e6700000)
  from space 10752K, 0% used [0x00000000e6700000,0x00000000e6700000,0x00000000e7180000)
  to   space 12288K, 0% used [0x00000000eb500000,0x00000000eb500000,0x00000000ec100000)
 ParOldGen       total 86016K, used 17764K [0x00000000a0000000, 0x00000000a5400000, 0x00000000e0000000)
  object space 86016K, 20% used [0x00000000a0000000,0x00000000a1159140,0x00000000a5400000)
 Metaspace       used 34728K, capacity 35346K, committed 35496K, reserved 1079296K
  class space    used 4628K, capacity 4819K, committed 4864K, reserved 1048576K
}

Deoptimization events (10 events):
Event: 21.532 Thread 0x000000001889a800 Uncommon trap: reason=unstable_if action=reinterpret pc=0x000000000308067c method=java.util.HashMap.resize()[Ljava/util/HashMap$Node; @ 206
Event: 21.618 Thread 0x000000001889a800 Uncommon trap: reason=unstable_if action=reinterpret pc=0x0000000003afa674 method=java.lang.reflect.Modifier.toString(I)Ljava/lang/String; @ 123
Event: 21.618 Thread 0x000000001889a800 Uncommon trap: reason=unstable_if action=reinterpret pc=0x0000000003b062e8 method=java.lang.reflect.Modifier.toString(I)Ljava/lang/String; @ 123
Event: 21.750 Thread 0x000000001889a800 Uncommon trap: reason=unstable_if action=reinterpret pc=0x000000000337a154 method=java.lang.ref.ReferenceQueue.poll()Ljava/lang/ref/Reference; @ 4
Event: 22.152 Thread 0x000000001889a800 Uncommon trap: reason=unstable_if action=reinterpret pc=0x0000000003b9ad4c method=java.lang.ThreadLocal.get()Ljava/lang/Object; @ 11
Event: 22.181 Thread 0x000000001889a800 Uncommon trap: reason=unstable_if action=reinterpret pc=0x0000000003baf934 method=java.util.HashMap.putVal(ILjava/lang/Object;Ljava/lang/Object;ZZ)Ljava/lang/Object; @ 236
Event: 22.212 Thread 0x000000001889a800 Uncommon trap: reason=unstable_if action=reinterpret pc=0x00000000032be13c method=java.lang.CharacterDataLatin1.isWhitespace(I)Z @ 14
Event: 22.262 Thread 0x000000001889a800 Uncommon trap: reason=unstable_if action=reinterpret pc=0x000000000353a0ac method=java.security.CodeSource.getCertificates()[Ljava/security/cert/Certificate; @ 22
Event: 22.300 Thread 0x000000001889a800 Uncommon trap: reason=unstable_if action=reinterpret pc=0x0000000003a36f00 method=java.util.LinkedHashMap.get(Ljava/lang/Object;)Ljava/lang/Object; @ 20
Event: 22.652 Thread 0x000000001889a800 Uncommon trap: reason=class_check action=maybe_recompile pc=0x0000000003577650 method=org.codehaus.groovy.runtime.metaclass.MetaMethodIndex.addMethodToList(Ljava/lang/Object;Lgroovy/lang/MetaMethod;)Ljava/lang/Object; @ 213

Internal exceptions (10 events):
Event: 22.861 Thread 0x000000001889a800 Exception <a 'java/lang/ClassNotFoundException': org/gradle/api/internal/artifacts/dependencies/DefaultExternalModuleDependencyBeanInfo> (0x00000000e31216c0) thrown at [C:\src\android\AOSP-openjdk\external\jetbrains\jdk\hotspot\src\share\vm\classfile\systeŒÛì^†‹6@
Event: 22.862 Thread 0x000000001889a800 Exception <a 'java/lang/ClassNotFoundException': org/gradle/api/internal/artifacts/dependencies/AbstractExternalModuleDependencyBeanInfo> (0x00000000e315c2f8) thrown at [C:\src\android\AOSP-openjdk\external\jetbrains\jdk\hotspot\src\share\vm\classfile\systë'1X˘‹6@
Event: 22.863 Thread 0x000000001889a800 Exception <a 'java/lang/ClassNotFoundException': org/gradle/api/internal/artifacts/dependencies/AbstractModuleDependencyBeanInfo> (0x00000000e3193310) thrown at [C:\src\android\AOSP-openjdk\external\jetbrains\jdk\hotspot\src\share\vm\classfile\systemDictio
Event: 22.864 Thread 0x000000001889a800 Exception <a 'java/lang/ClassNotFoundException': org/gradle/api/internal/artifacts/dependencies/AbstractDependencyBeanInfo> (0x00000000e31c7178) thrown at [C:\src\android\AOSP-openjdk\external\jetbrains\jdk\hotspot\src\share\vm\classfile\systemDictionary.ca^àÇà›6@
Event: 22.865 Thread 0x000000001889a800 Exception <a 'java/lang/ClassNotFoundException': org/gradle/api/internal/artifacts/dependencies/AbstractDependencyCustomizer> (0x00000000e31fcce8) thrown at [C:\src\android\AOSP-openjdk\external\jetbrains\jdk\hotspot\src\share\vm\classfile\systemDictionaryqbÄ√–›6@
Event: 22.866 Thread 0x000000001889a800 Exception <a 'java/lang/ClassNotFoundException': org/gradle/api/internal/artifacts/dependencies/AbstractModuleDependencyCustomizer> (0x00000000e3237368) thrown at [C:\src\android\AOSP-openjdk\external\jetbrains\jdk\hotspot\src\share\vm\classfile\systemDict›äıàﬁ6@
Event: 22.869 Thread 0x000000001889a800 Exception <a 'java/lang/ClassNotFoundException': org/gradle/api/internal/artifacts/dependencies/AbstractExternalModuleDependencyCustomizer> (0x00000000e32899b8) thrown at [C:\src\android\AOSP-openjdk\external\jetbrains\jdk\hotspot\src\share\vm\classfile\syÇ´!ÓŒﬂ6@
Event: 22.874 Thread 0x000000001889a800 Exception <a 'java/lang/ClassNotFoundException': org/gradle/api/internal/artifacts/dependencies/DefaultExternalModuleDependencyCustomizer> (0x00000000e32d2210) thrown at [C:\src\android\AOSP-openjdk\external\jetbrains\jdk\hotspot\src\share\vm\classfile\sysùz∫ﬂ‡6@
Event: 22.878 Thread 0x000000001889a800 Exception <a 'java/lang/ClassNotFoundException': org/gradle/api/internal/artifacts/dependencies/DefaultExternalModuleDependency_DecoratedCustomizer> (0x00000000e331e970) thrown at [C:\src\android\AOSP-openjdk\external\jetbrains\jdk\hotspot\src\share\vm\claq+Dó˙·6@
Event: 22.883 Thread 0x000000001889a800 Exception <a 'java/lang/reflect/InvocationTargetException'> (0x00000000e3363240) thrown at [C:\src\android\AOSP-openjdk\external\jetbrains\jdk\hotspot\src\share\vm\runtime\reflection.cpp, line 1092]

Events (10 events):
Event: 23.002 loading class com/android/sdklib/repository/generated/common/v1/package-info
Event: 23.002 loading class com/android/sdklib/repository/generated/common/v1/package-info done
Event: 23.003 loading class com/android/sdklib/repository/generated/common/v2/ObjectFactory
Event: 23.003 loading class com/android/sdklib/repository/generated/common/v2/ObjectFactory done
Event: 23.005 loading class com/android/sdklib/repository/LoggerProgressIndicatorWrapper
Event: 23.005 loading class com/android/sdklib/repository/LoggerProgressIndicatorWrapper done
Event: 23.005 loading class com/android/repository/api/ProgressIndicatorAdapter
Event: 23.005 loading class com/android/repository/api/ProgressIndicatorAdapter done
Event: 23.006 loading class com/android/sdklib/repository/AndroidSdkHandler$RepoConfig
Event: 23.006 loading class com/android/sdklib/repository/AndroidSdkHandler$RepoConfig done


Dynamic libraries:
0x00007ff7b0820000 - 0x00007ff7b0851000 	C:\Program Files\Android\Android Studio\jre\bin\java.exe
0x00007ffb0a180000 - 0x00007ffb0a352000 	C:\WINDOWS\SYSTEM32\ntdll.dll
0x00007ffb09270000 - 0x00007ffb0931c000 	C:\WINDOWS\System32\KERNEL32.DLL
0x00007ffb06850000 - 0x00007ffb06a6d000 	C:\WINDOWS\System32\KERNELBASE.dll
0x00007ffb07850000 - 0x00007ffb078f2000 	C:\WINDOWS\System32\ADVAPI32.dll
0x00007ffb0a0e0000 - 0x00007ffb0a17e000 	C:\WINDOWS\System32\msvcrt.dll
0x00007ffb09060000 - 0x00007ffb090b9000 	C:\WINDOWS\System32\sechost.dll
0x00007ffb09fb0000 - 0x00007ffb0a0d1000 	C:\WINDOWS\System32\RPCRT4.dll
0x00007ffb07900000 - 0x00007ffb07a65000 	C:\WINDOWS\System32\USER32.dll
0x00007ffb07570000 - 0x00007ffb0758e000 	C:\WINDOWS\System32\win32u.dll
0x00007ffb09020000 - 0x00007ffb09054000 	C:\WINDOWS\System32\GDI32.dll
0x00007ffb07590000 - 0x00007ffb07710000 	C:\WINDOWS\System32\gdi32full.dll
0x00007ffafd8e0000 - 0x00007ffafdb5a000 	C:\WINDOWS\WinSxS\amd64_microsoft.windows.common-controls_6595b64144ccf1df_6.0.14393.953_none_42151e83c686086b\COMCTL32.dll
0x00007ffb09ae0000 - 0x00007ffb09da8000 	C:\WINDOWS\System32\combase.dll
0x00007ffb07470000 - 0x00007ffb07565000 	C:\WINDOWS\System32\ucrtbase.dll
0x00007ffb06680000 - 0x00007ffb066ea000 	C:\WINDOWS\System32\bcryptPrimitives.dll
0x00007ffb09f80000 - 0x00007ffb09fae000 	C:\WINDOWS\System32\IMM32.DLL
0x000000005d0f0000 - 0x000000005d1c2000 	C:\Program Files\Android\Android Studio\jre\jre\bin\msvcr100.dll
0x000000005d1d0000 - 0x000000005da0c000 	C:\Program Files\Android\Android Studio\jre\jre\bin\server\jvm.dll
0x00007ffb07710000 - 0x00007ffb07718000 	C:\WINDOWS\System32\PSAPI.DLL
0x00007ffaed830000 - 0x00007ffaed839000 	C:\WINDOWS\SYSTEM32\WSOCK32.dll
0x00007ffb09a70000 - 0x00007ffb09ada000 	C:\WINDOWS\System32\WS2_32.dll
0x00007ffb04500000 - 0x00007ffb04523000 	C:\WINDOWS\SYSTEM32\WINMM.dll
0x00007ffb004c0000 - 0x00007ffb004ca000 	C:\WINDOWS\SYSTEM32\VERSION.dll
0x00007ffb044d0000 - 0x00007ffb044fb000 	C:\WINDOWS\SYSTEM32\WINMMBASE.dll
0x00007ffb066f0000 - 0x00007ffb06732000 	C:\WINDOWS\System32\cfgmgr32.dll
0x00007ffaf8d10000 - 0x00007ffaf8d1f000 	C:\Program Files\Android\Android Studio\jre\jre\bin\verify.dll
0x00007ffaf8ce0000 - 0x00007ffaf8d09000 	C:\Program Files\Android\Android Studio\jre\jre\bin\java.dll
0x00007ffaf8970000 - 0x00007ffaf8986000 	C:\Program Files\Android\Android Studio\jre\jre\bin\zip.dll
0x00007ffb07a70000 - 0x00007ffb08f78000 	C:\WINDOWS\System32\SHELL32.dll
0x00007ffb06bc0000 - 0x00007ffb0729a000 	C:\WINDOWS\System32\windows.storage.dll
0x00007ffb06610000 - 0x00007ffb0665c000 	C:\WINDOWS\System32\powrprof.dll
0x00007ffb09f20000 - 0x00007ffb09f72000 	C:\WINDOWS\System32\shlwapi.dll
0x00007ffb06660000 - 0x00007ffb0666f000 	C:\WINDOWS\System32\kernel.appcore.dll
0x00007ffb06b10000 - 0x00007ffb06bb9000 	C:\WINDOWS\System32\shcore.dll
0x00007ffb065f0000 - 0x00007ffb06604000 	C:\WINDOWS\System32\profapi.dll
0x00007ffaf8580000 - 0x00007ffaf859a000 	C:\Program Files\Android\Android Studio\jre\jre\bin\net.dll
0x00007ffb05f20000 - 0x00007ffb05f7c000 	C:\WINDOWS\system32\mswsock.dll
0x00007ffaf8430000 - 0x00007ffaf8441000 	C:\Program Files\Android\Android Studio\jre\jre\bin\nio.dll
0x00007ffad1a10000 - 0x00007ffad1a2e000 	C:\Users\dream\.gradle\native\23\windows-amd64\native-platform.dll
0x00007ffb060c0000 - 0x00007ffb060d7000 	C:\WINDOWS\SYSTEM32\CRYPTSP.dll
0x00007ffb05b20000 - 0x00007ffb05b53000 	C:\WINDOWS\system32\rsaenh.dll
0x00007ffb061d0000 - 0x00007ffb061fb000 	C:\WINDOWS\SYSTEM32\bcrypt.dll
0x00007ffb05da0000 - 0x00007ffb05dbf000 	C:\WINDOWS\SYSTEM32\USERENV.dll
0x00007ffb060e0000 - 0x00007ffb060eb000 	C:\WINDOWS\SYSTEM32\CRYPTBASE.dll
0x00007ffb05ca0000 - 0x00007ffb05cd8000 	C:\WINDOWS\SYSTEM32\IPHLPAPI.DLL
0x00007ffb09260000 - 0x00007ffb09268000 	C:\WINDOWS\System32\NSI.dll
0x00007ffb00520000 - 0x00007ffb00536000 	C:\WINDOWS\SYSTEM32\dhcpcsvc6.DLL
0x00007ffb004d0000 - 0x00007ffb004ea000 	C:\WINDOWS\SYSTEM32\dhcpcsvc.DLL
0x00007ffaf85c0000 - 0x00007ffaf85cd000 	C:\Program Files\Android\Android Studio\jre\jre\bin\management.dll

VM Arguments:
jvm_args: -Xmx1536m -Dfile.encoding=x-windows-949 -Duser.country=KR -Duser.language=ko -Duser.variant 
java_command: org.gradle.launcher.daemon.bootstrap.GradleDaemon 3.3
java_class_path (initial): C:\Users\dream\.gradle\wrapper\dists\gradle-3.3-all\55gk2rcmfc6p2dg9u9ohc3hw9\gradle-3.3\lib\gradle-launcher-3.3.jar
Launcher Type: SUN_STANDARD

Environment Variables:
JAVA_HOME=C:\Program Files\Java\jdk1.8.0_102
PATH=C:\Program Files (x86)\Common Files\Intel\Shared Libraries\redist\ia32\mpirt;C:\Program Files (x86)\Common Files\Intel\Shared Libraries\redist\ia32\compiler;C:\ProgramData\Oracle\Java\javapath;C:\Program Files (x86)\Intel\iCLS Client\;C:\Program Files\Intel\iCLS Client\;C:\windows\system32;C:\windows;C:\windows\System32\Wbem;C:\windows\System32\WindowsPowerShell\v1.0\;C:\Program Files (x86)\NVIDIA Corporation\PhysX\Common;C:\Program Files (x86)\Intel\Intel(R) Management Engine Components\DAL;C:\Program Files\Intel\Intel(R) Management Engine Components\DAL;C:\Program Files (x86)\Intel\Intel(R) Management Engine Components\IPT;C:\Program Files\Intel\Intel(R) Management Engine Components\IPT;C:\WINDOWS\system32\config\systemprofile\.dnx\bin;C:\Program Files\Microsoft DNX\Dnvm\;C:\Program Files\Microsoft SQL Server\130\Tools\Binn\;C:\WINDOWS\system32;C:\WINDOWS;C:\WINDOWS\System32\Wbem;C:\WINDOWS\System32\WindowsPowerShell\v1.0\;C:\APM_Setup\Server\Apache\bin;C:\APM_Setup\Server\MySQL5\bin;C:\APM_Setup\Server\PHP5;C:\Program Files\Java\jdk1.8.0_102\bin;C:\Users\dream\sqlite-tools-win32-x86-3150000;C:\Program Files\Samsung\SamsungLink\AllShare Framework DMS\bin\;C:\Program Files (x86)\Windows Kits\8.1\Windows Performance Toolkit\;C:\Imagination\PowerVR_Graphics\PowerVR_Tools\PVRVFrame\Library\Windows_x86_32;C:\flex_test\flex-2.5.4a-1-bin\bin;C:\Program Files\Intel\WiFi\bin\;C:\Program Files\Common Files\Intel\WirelessCommon\;D:\strawberry\c\bin;D:\strawberry\perl\site\bin;D:\strawberry\perl\bin;D:\Git\cmd;C:\Users\dream\AppData\Local\Microsoft\WindowsApps;C:\flex_test\flex-2.5.4a-1-bin\bin;C:\Program Files\Intel\WiFi\bin\;C:\Program Files\Common Files\Intel\WirelessCommon\;C:\Python27;C:\Users\dream\AppData\Local\GitHubDesktop\bin
USERNAME=dream
OS=Windows_NT
PROCESSOR_IDENTIFIER=Intel64 Family 6 Model 78 Stepping 3, GenuineIntel



---------------  S Y S T E M  ---------------

OS: Windows 10.0 , 64 bit Build 14393 (10.0.14393.1198)

CPU:total 4 (2 cores per cpu, 2 threads per core) family 6 model 78 stepping 3, cmov, cx8, fxsr, mmx, sse, sse2, sse3, ssse3, sse4.1, sse4.2, popcnt, avx, avx2, aes, clmul, erms, 3dnowpref, lzcnt, ht, tsc, tscinvbit, bmi1, bmi2, adx

Memory: 4k page, physical 8300672k(790232k free), swap 9687388k(4960k free)

vm_info: OpenJDK 64-Bit Server VM (25.112-b06) for windows-amd64 JRE (1.8.0_112-release-b06), built on Dec  8 2016 00:54:26 by "builder" with MS VC++ 10.0 (VS2010)

time: Tue Aug 22 23:18:35 2017
elapsed time: 23 seconds (0d 0h 0m 23s)

